[10Dec2019 06:55:10.715] [main/INFO] [cpw.mods.modlauncher.Launcher/MODLAUNCHER]: ModLauncher running: args [--gameDir, ., --launchTarget, fmluserdevclient, --fml.mcpVersion, 20190829.143755, --fml.mcVersion, 1.14.4, --fml.forgeGroup, net.minecraftforge, --fml.forgeVersion, 28.1.61, --version, MOD_DEV, --assetIndex, 1.14, --assetsDir, D:\Gradle\caches\forge_gradle\assets, --username, Dev, --accessToken, ????????, --userProperties, {}]
[10Dec2019 06:55:10.718] [main/INFO] [cpw.mods.modlauncher.Launcher/MODLAUNCHER]: ModLauncher 4.1.0+62+5bfa59b starting: java version 1.8.0_231 by Oracle Corporation
[10Dec2019 06:55:11.318] [main/INFO] [net.minecraftforge.fml.loading.FixSSL/CORE]: Added Lets Encrypt root certificates as additional trust
[10Dec2019 06:55:11.364] [main/WARN] [net.minecraftforge.fml.loading.FMLConfig/CORE]: Configuration file D:\Storage\Projects\TheHolyCollection\run\config\fml.toml is not correct. Correcting
[10Dec2019 06:55:11.370] [main/WARN] [net.minecraftforge.fml.loading.FMLConfig/CORE]: Incorrect key [defaultConfigPath] was corrected from null to defaultconfigs
[10Dec2019 06:55:12.082] [main/INFO] [cpw.mods.modlauncher.LaunchServiceHandler/MODLAUNCHER]: Launching target 'fmluserdevclient' with arguments [--version, MOD_DEV, --gameDir, ., --assetsDir, D:\Gradle\caches\forge_gradle\assets, --assetIndex, 1.14, --username, Dev, --accessToken, ????????, --userProperties, {}]
[10Dec2019 06:55:14.437] [Client thread/INFO] [net.minecraft.client.Minecraft/]: Setting user: Dev
[10Dec2019 06:55:23.409] [Client thread/INFO] [net.minecraft.client.Minecraft/]: LWJGL Version: 3.2.2 build 10
[10Dec2019 06:55:24.623] [Client thread/FATAL] [net.minecraftforge.fml.ModLoader/CORE]: Error during pre-loading phase
net.minecraftforge.fml.ModLoadingException: Mod §etheholycollection§r requires §6minecraft§r §o1.14.2§r
§7Currently, §6minecraft§r§7 is §o1.14.4
	at net.minecraftforge.fml.ModLoadingException.lambda$fromEarlyException$0(ModLoadingException.java:63) ~[forge-1.14.4-28.1.61_mapped_snapshot_20191020-1.14.3-recomp.jar:?]
	at java.util.stream.ReferencePipeline$3$1.accept(ReferencePipeline.java:193) ~[?:1.8.0_231]
	at java.util.ArrayList$ArrayListSpliterator.forEachRemaining(ArrayList.java:1382) ~[?:1.8.0_231]
	at java.util.stream.AbstractPipeline.copyInto(AbstractPipeline.java:482) ~[?:1.8.0_231]
	at java.util.stream.AbstractPipeline.wrapAndCopyInto(AbstractPipeline.java:472) ~[?:1.8.0_231]
	at java.util.stream.ForEachOps$ForEachOp.evaluateSequential(ForEachOps.java:151) ~[?:1.8.0_231]
	at java.util.stream.ForEachOps$ForEachOp$OfRef.evaluateSequential(ForEachOps.java:174) ~[?:1.8.0_231]
	at java.util.stream.AbstractPipeline.evaluate(AbstractPipeline.java:234) ~[?:1.8.0_231]
	at java.util.stream.ReferencePipeline.forEach(ReferencePipeline.java:418) ~[?:1.8.0_231]
	at java.util.stream.ReferencePipeline$7$1.accept(ReferencePipeline.java:270) ~[?:1.8.0_231]
	at java.util.ArrayList$ArrayListSpliterator.forEachRemaining(ArrayList.java:1382) ~[?:1.8.0_231]
	at java.util.stream.AbstractPipeline.copyInto(AbstractPipeline.java:482) ~[?:1.8.0_231]
	at java.util.stream.AbstractPipeline.wrapAndCopyInto(AbstractPipeline.java:472) ~[?:1.8.0_231]
	at java.util.stream.ReduceOps$ReduceOp.evaluateSequential(ReduceOps.java:708) ~[?:1.8.0_231]
	at java.util.stream.AbstractPipeline.evaluate(AbstractPipeline.java:234) ~[?:1.8.0_231]
	at java.util.stream.ReferencePipeline.collect(ReferencePipeline.java:499) ~[?:1.8.0_231]
	at net.minecraftforge.fml.ModLoader.<init>(ModLoader.java:115) ~[forge-1.14.4-28.1.61_mapped_snapshot_20191020-1.14.3-recomp.jar:?]
	at net.minecraftforge.fml.ModLoader.get(ModLoader.java:144) ~[forge-1.14.4-28.1.61_mapped_snapshot_20191020-1.14.3-recomp.jar:?]
	at net.minecraftforge.fml.client.ClientModLoader.lambda$begin$2(ClientModLoader.java:95) ~[forge-1.14.4-28.1.61_mapped_snapshot_20191020-1.14.3-recomp.jar:?]
	at net.minecraftforge.fml.client.ClientModLoader.lambda$createRunnableWithCatch$5(ClientModLoader.java:111) ~[forge-1.14.4-28.1.61_mapped_snapshot_20191020-1.14.3-recomp.jar:?]
	at net.minecraftforge.fml.client.ClientModLoader.begin(ClientModLoader.java:95) ~[forge-1.14.4-28.1.61_mapped_snapshot_20191020-1.14.3-recomp.jar:?]
	at net.minecraft.client.Minecraft.init(Minecraft.java:457) ~[forge-1.14.4-28.1.61_mapped_snapshot_20191020-1.14.3-recomp.jar:?]
	at net.minecraft.client.Minecraft.run(Minecraft.java:365) ~[forge-1.14.4-28.1.61_mapped_snapshot_20191020-1.14.3-recomp.jar:?]
	at net.minecraft.client.main.Main.main(Main.java:128) ~[forge-1.14.4-28.1.61_mapped_snapshot_20191020-1.14.3-recomp.jar:?]
	at sun.reflect.NativeMethodAccessorImpl.invoke0(Native Method) ~[?:1.8.0_231]
	at sun.reflect.NativeMethodAccessorImpl.invoke(NativeMethodAccessorImpl.java:62) ~[?:1.8.0_231]
	at sun.reflect.DelegatingMethodAccessorImpl.invoke(DelegatingMethodAccessorImpl.java:43) ~[?:1.8.0_231]
	at java.lang.reflect.Method.invoke(Method.java:498) ~[?:1.8.0_231]
	at net.minecraftforge.userdev.FMLUserdevClientLaunchProvider.lambda$launchService$0(FMLUserdevClientLaunchProvider.java:55) ~[forge-1.14.4-28.1.61_mapped_snapshot_20191020-1.14.3-recomp.jar:?]
	at cpw.mods.modlauncher.LaunchServiceHandlerDecorator.launch(LaunchServiceHandlerDecorator.java:37) [modlauncher-4.1.0.jar:?]
	at cpw.mods.modlauncher.LaunchServiceHandler.launch(LaunchServiceHandler.java:54) [modlauncher-4.1.0.jar:?]
	at cpw.mods.modlauncher.LaunchServiceHandler.launch(LaunchServiceHandler.java:72) [modlauncher-4.1.0.jar:?]
	at cpw.mods.modlauncher.Launcher.run(Launcher.java:81) [modlauncher-4.1.0.jar:?]
	at cpw.mods.modlauncher.Launcher.main(Launcher.java:65) [modlauncher-4.1.0.jar:?]
	at net.minecraftforge.userdev.LaunchTesting.main(LaunchTesting.java:101) [forge-1.14.4-28.1.61_mapped_snapshot_20191020-1.14.3-recomp.jar:?]
[10Dec2019 06:55:24.641] [Client thread/FATAL] [net.minecraftforge.eventbus.EventBus/EVENTBUS]: EventBus 0 shutting down - future events will not be posted.
java.lang.Exception: stacktrace
	at net.minecraftforge.eventbus.EventBus.shutdown(EventBus.java:278) ~[eventbus-1.0.0-service.jar:?]
	at net.minecraftforge.fml.client.ClientModLoader.lambda$createRunnableWithCatch$5(ClientModLoader.java:113) ~[forge-1.14.4-28.1.61_mapped_snapshot_20191020-1.14.3-recomp.jar:?]
	at net.minecraftforge.fml.client.ClientModLoader.begin(ClientModLoader.java:95) ~[forge-1.14.4-28.1.61_mapped_snapshot_20191020-1.14.3-recomp.jar:?]
	at net.minecraft.client.Minecraft.init(Minecraft.java:457) ~[forge-1.14.4-28.1.61_mapped_snapshot_20191020-1.14.3-recomp.jar:?]
	at net.minecraft.client.Minecraft.run(Minecraft.java:365) ~[forge-1.14.4-28.1.61_mapped_snapshot_20191020-1.14.3-recomp.jar:?]
	at net.minecraft.client.main.Main.main(Main.java:128) ~[forge-1.14.4-28.1.61_mapped_snapshot_20191020-1.14.3-recomp.jar:?]
	at sun.reflect.NativeMethodAccessorImpl.invoke0(Native Method) ~[?:1.8.0_231]
	at sun.reflect.NativeMethodAccessorImpl.invoke(NativeMethodAccessorImpl.java:62) ~[?:1.8.0_231]
	at sun.reflect.DelegatingMethodAccessorImpl.invoke(DelegatingMethodAccessorImpl.java:43) ~[?:1.8.0_231]
	at java.lang.reflect.Method.invoke(Method.java:498) ~[?:1.8.0_231]
	at net.minecraftforge.userdev.FMLUserdevClientLaunchProvider.lambda$launchService$0(FMLUserdevClientLaunchProvider.java:55) ~[forge-1.14.4-28.1.61_mapped_snapshot_20191020-1.14.3-recomp.jar:?]
	at cpw.mods.modlauncher.LaunchServiceHandlerDecorator.launch(LaunchServiceHandlerDecorator.java:37) [modlauncher-4.1.0.jar:?]
	at cpw.mods.modlauncher.LaunchServiceHandler.launch(LaunchServiceHandler.java:54) [modlauncher-4.1.0.jar:?]
	at cpw.mods.modlauncher.LaunchServiceHandler.launch(LaunchServiceHandler.java:72) [modlauncher-4.1.0.jar:?]
	at cpw.mods.modlauncher.Launcher.run(Launcher.java:81) [modlauncher-4.1.0.jar:?]
	at cpw.mods.modlauncher.Launcher.main(Launcher.java:65) [modlauncher-4.1.0.jar:?]
	at net.minecraftforge.userdev.LaunchTesting.main(LaunchTesting.java:101) [forge-1.14.4-28.1.61_mapped_snapshot_20191020-1.14.3-recomp.jar:?]
[10Dec2019 06:55:26.815] [Client thread/INFO] [com.mojang.text2speech.NarratorWindows/]: Narrator library for x64 successfully loaded
[10Dec2019 06:55:26.932] [Server-Worker-5/ERROR] [net.minecraftforge.fml.ModLoader/LOADING]: Skipping lifecycle event SETUP, 1 errors found.
[10Dec2019 06:55:26.932] [Server-Worker-5/FATAL] [net.minecraftforge.fml.ModLoader/LOADING]: Failed to complete lifecycle event SETUP, 1 errors found
[10Dec2019 06:55:26.932] [Server-Worker-5/FATAL] [net.minecraftforge.eventbus.EventBus/EVENTBUS]: EventBus 0 shutting down - future events will not be posted.
java.lang.Exception: stacktrace
	at net.minecraftforge.eventbus.EventBus.shutdown(EventBus.java:278) ~[eventbus-1.0.0-service.jar:?]
	at net.minecraftforge.fml.client.ClientModLoader.lambda$createRunnableWithCatch$5(ClientModLoader.java:113) ~[?:?]
	at net.minecraftforge.fml.client.ClientModLoader.startModLoading(ClientModLoader.java:121) ~[?:?]
	at net.minecraftforge.fml.client.ClientModLoader.lambda$onreload$3(ClientModLoader.java:103) ~[?:?]
	at net.minecraftforge.fml.client.ClientModLoader.lambda$createRunnableWithCatch$5(ClientModLoader.java:111) ~[?:?]
	at java.util.concurrent.CompletableFuture$AsyncRun.run(CompletableFuture.java:1626) [?:1.8.0_231]
	at java.util.concurrent.CompletableFuture$AsyncRun.exec(CompletableFuture.java:1618) [?:1.8.0_231]
	at java.util.concurrent.ForkJoinTask.doExec(ForkJoinTask.java:289) [?:1.8.0_231]
	at java.util.concurrent.ForkJoinPool$WorkQueue.runTask(ForkJoinPool.java:1056) [?:1.8.0_231]
	at java.util.concurrent.ForkJoinPool.runWorker(ForkJoinPool.java:1692) [?:1.8.0_231]
	at java.util.concurrent.ForkJoinWorkerThread.run(ForkJoinWorkerThread.java:157) [?:1.8.0_231]
[10Dec2019 06:55:30.442] [Server-Worker-2/ERROR] [net.minecraftforge.fml.ModLoader/LOADING]: Skipping lifecycle event ENQUEUE_IMC, 1 errors found.
[10Dec2019 06:55:30.443] [Server-Worker-2/FATAL] [net.minecraftforge.fml.ModLoader/LOADING]: Failed to complete lifecycle event ENQUEUE_IMC, 1 errors found
[10Dec2019 06:55:30.443] [Server-Worker-2/FATAL] [net.minecraftforge.eventbus.EventBus/EVENTBUS]: EventBus 0 shutting down - future events will not be posted.
java.lang.Exception: stacktrace
	at net.minecraftforge.eventbus.EventBus.shutdown(EventBus.java:278) ~[eventbus-1.0.0-service.jar:?]
	at net.minecraftforge.fml.client.ClientModLoader.lambda$createRunnableWithCatch$5(ClientModLoader.java:113) ~[?:?]
	at net.minecraftforge.fml.client.ClientModLoader.finishModLoading(ClientModLoader.java:134) ~[?:?]
	at net.minecraftforge.fml.client.ClientModLoader.lambda$onreload$4(ClientModLoader.java:105) ~[?:?]
	at java.util.concurrent.CompletableFuture.uniRun(CompletableFuture.java:705) [?:1.8.0_231]
	at java.util.concurrent.CompletableFuture$UniRun.tryFire(CompletableFuture.java:687) [?:1.8.0_231]
	at java.util.concurrent.CompletableFuture$Completion.exec(CompletableFuture.java:443) [?:1.8.0_231]
	at java.util.concurrent.ForkJoinTask.doExec(ForkJoinTask.java:289) [?:1.8.0_231]
	at java.util.concurrent.ForkJoinPool$WorkQueue.runTask(ForkJoinPool.java:1056) [?:1.8.0_231]
	at java.util.concurrent.ForkJoinPool.runWorker(ForkJoinPool.java:1692) [?:1.8.0_231]
	at java.util.concurrent.ForkJoinWorkerThread.run(ForkJoinWorkerThread.java:157) [?:1.8.0_231]
[10Dec2019 06:55:30.558] [Client thread/INFO] [net.minecraft.client.audio.SoundSystem/]: OpenAL initialized.
[10Dec2019 06:55:30.559] [Client thread/INFO] [net.minecraft.client.audio.SoundEngine/SOUNDS]: Sound engine started
[10Dec2019 06:55:30.698] [Client thread/INFO] [net.minecraft.client.renderer.texture.AtlasTexture/]: Created: 512x512 textures-atlas
[10Dec2019 06:55:31.250] [Client thread/INFO] [net.minecraft.client.renderer.texture.AtlasTexture/]: Created: 256x256 textures/particle-atlas
[10Dec2019 06:55:31.251] [Client thread/INFO] [net.minecraft.client.renderer.texture.AtlasTexture/]: Created: 256x256 textures/painting-atlas
[10Dec2019 06:55:31.251] [Client thread/INFO] [net.minecraft.client.renderer.texture.AtlasTexture/]: Created: 128x128 textures/mob_effect-atlas
[10Dec2019 06:55:43.970] [Client thread/INFO] [net.minecraft.client.Minecraft/]: Stopping!
